<?xml version="1.0" encoding="UTF-8"?>
<testsuite name="Password Invalid case" tests="2" skipped="0" failures="0" errors="0" timestamp="2021-11-24T17:06:26" hostname="DESKTOP-2SS4HM6" time="0.001">
  <properties/>
  <testcase name="Password in nickname" classname="com.sparta.assignment.service.UserServiceTest$PasswordInvalidCase" time="0.0"/>
  <testcase name="Password length &lt; 4" classname="com.sparta.assignment.service.UserServiceTest$PasswordInvalidCase" time="0.0"/>
  <system-out><![CDATA[]]></system-out>
  <system-err><![CDATA[]]></system-err>
</testsuite>
