<?xml version="1.0" encoding="UTF-8"?>
<testsuite name="Nickname Invalid case" tests="3" skipped="0" failures="0" errors="0" timestamp="2021-11-27T02:06:26" hostname="DESKTOP-2SS4HM6" time="0.009">
  <properties/>
  <testcase name="Nickname already have" classname="com.sparta.assignment.service.UserServiceTest$NicknameInvalidCase" time="0.007"/>
  <testcase name="Not only Alphabet and Number" classname="com.sparta.assignment.service.UserServiceTest$NicknameInvalidCase" time="0.001"/>
  <testcase name="Nickname length &lt; 3" classname="com.sparta.assignment.service.UserServiceTest$NicknameInvalidCase" time="0.001"/>
  <system-out><![CDATA[]]></system-out>
  <system-err><![CDATA[]]></system-err>
</testsuite>
