<?xml version="1.0" encoding="UTF-8"?>
<testsuite name="PasswordCheck Invalid case" tests="1" skipped="0" failures="0" errors="0" timestamp="2021-11-24T16:17:55" hostname="DESKTOP-2SS4HM6" time="0.005">
  <properties/>
  <testcase name="Password and PasswordCheck is not equal" classname="com.sparta.assignment.service.UserServiceTest$PasswordCheckInvalidCase" time="0.005"/>
  <system-out><![CDATA[]]></system-out>
  <system-err><![CDATA[]]></system-err>
</testsuite>
