<?xml version="1.0" encoding="UTF-8"?>
<testsuite name="com.sparta.assignment.AssignmentApplicationTests" tests="1" skipped="0" failures="0" errors="0" timestamp="2021-11-17T01:10:02" hostname="DESKTOP-2SS4HM6" time="0.095">
  <properties/>
  <testcase name="contextLoads()" classname="com.sparta.assignment.AssignmentApplicationTests" time="0.095"/>
  <system-out><![CDATA[10:09:58.362 [Test worker] DEBUG org.springframework.test.context.BootstrapUtils - Instantiating CacheAwareContextLoaderDelegate from class [org.springframework.test.context.cache.DefaultCacheAwareContextLoaderDelegate]
10:09:58.371 [Test worker] DEBUG org.springframework.test.context.BootstrapUtils - Instantiating BootstrapContext using constructor [public org.springframework.test.context.support.DefaultBootstrapContext(java.lang.Class,org.springframework.test.context.CacheAwareContextLoaderDelegate)]
10:09:58.398 [Test worker] DEBUG org.springframework.test.context.BootstrapUtils - Instantiating TestContextBootstrapper for test class [com.sparta.assignment.AssignmentApplicationTests] from class [org.springframework.boot.test.context.SpringBootTestContextBootstrapper]
10:09:58.407 [Test worker] INFO org.springframework.boot.test.context.SpringBootTestContextBootstrapper - Neither @ContextConfiguration nor @ContextHierarchy found for test class [com.sparta.assignment.AssignmentApplicationTests], using SpringBootContextLoader
10:09:58.410 [Test worker] DEBUG org.springframework.test.context.support.AbstractContextLoader - Did not detect default resource location for test class [com.sparta.assignment.AssignmentApplicationTests]: class path resource [com/sparta/assignment/AssignmentApplicationTests-context.xml] does not exist
10:09:58.411 [Test worker] DEBUG org.springframework.test.context.support.AbstractContextLoader - Did not detect default resource location for test class [com.sparta.assignment.AssignmentApplicationTests]: class path resource [com/sparta/assignment/AssignmentApplicationTestsContext.groovy] does not exist
10:09:58.411 [Test worker] INFO org.springframework.test.context.support.AbstractContextLoader - Could not detect default resource locations for test class [com.sparta.assignment.AssignmentApplicationTests]: no resource found for suffixes {-context.xml, Context.groovy}.
10:09:58.412 [Test worker] INFO org.springframework.test.context.support.AnnotationConfigContextLoaderUtils - Could not detect default configuration classes for test class [com.sparta.assignment.AssignmentApplicationTests]: AssignmentApplicationTests does not declare any static, non-private, non-final, nested classes annotated with @Configuration.
10:09:58.448 [Test worker] DEBUG org.springframework.test.context.support.ActiveProfilesUtils - Could not find an 'annotation declaring class' for annotation type [org.springframework.test.context.ActiveProfiles] and class [com.sparta.assignment.AssignmentApplicationTests]
10:09:58.493 [Test worker] DEBUG org.springframework.context.annotation.ClassPathScanningCandidateComponentProvider - Identified candidate component class: file [C:\Users\asdfj\Desktop\sparta\spring\assignment\build\classes\java\main\com\sparta\assignment\AssignmentApplication.class]
10:09:58.494 [Test worker] INFO org.springframework.boot.test.context.SpringBootTestContextBootstrapper - Found @SpringBootConfiguration com.sparta.assignment.AssignmentApplication for test class com.sparta.assignment.AssignmentApplicationTests
10:09:58.570 [Test worker] DEBUG org.springframework.boot.test.context.SpringBootTestContextBootstrapper - @TestExecutionListeners is not present for class [com.sparta.assignment.AssignmentApplicationTests]: using defaults.
10:09:58.571 [Test worker] INFO org.springframework.boot.test.context.SpringBootTestContextBootstrapper - Loaded default TestExecutionListener class names from location [META-INF/spring.factories]: [org.springframework.boot.test.autoconfigure.restdocs.RestDocsTestExecutionListener, org.springframework.boot.test.autoconfigure.web.client.MockRestServiceServerResetTestExecutionListener, org.springframework.boot.test.autoconfigure.web.servlet.MockMvcPrintOnlyOnFailureTestExecutionListener, org.springframework.boot.test.autoconfigure.web.servlet.WebDriverTestExecutionListener, org.springframework.boot.test.autoconfigure.webservices.client.MockWebServiceServerTestExecutionListener, org.springframework.boot.test.mock.mockito.MockitoTestExecutionListener, org.springframework.boot.test.mock.mockito.ResetMocksTestExecutionListener, org.springframework.test.context.web.ServletTestExecutionListener, org.springframework.test.context.support.DirtiesContextBeforeModesTestExecutionListener, org.springframework.test.context.event.ApplicationEventsTestExecutionListener, org.springframework.test.context.support.DependencyInjectionTestExecutionListener, org.springframework.test.context.support.DirtiesContextTestExecutionListener, org.springframework.test.context.transaction.TransactionalTestExecutionListener, org.springframework.test.context.jdbc.SqlScriptsTestExecutionListener, org.springframework.test.context.event.EventPublishingTestExecutionListener]
10:09:58.593 [Test worker] INFO org.springframework.boot.test.context.SpringBootTestContextBootstrapper - Using TestExecutionListeners: [org.springframework.test.context.web.ServletTestExecutionListener@73393584, org.springframework.test.context.support.DirtiesContextBeforeModesTestExecutionListener@31500940, org.springframework.test.context.event.ApplicationEventsTestExecutionListener@1827a871, org.springframework.boot.test.mock.mockito.MockitoTestExecutionListener@48e64352, org.springframework.boot.test.autoconfigure.SpringBootDependencyInjectionTestExecutionListener@7249dadf, org.springframework.test.context.support.DirtiesContextTestExecutionListener@4362d7df, org.springframework.test.context.transaction.TransactionalTestExecutionListener@66238be2, org.springframework.test.context.jdbc.SqlScriptsTestExecutionListener@1c25b8a7, org.springframework.test.context.event.EventPublishingTestExecutionListener@200606de, org.springframework.boot.test.autoconfigure.restdocs.RestDocsTestExecutionListener@750fe12e, org.springframework.boot.test.autoconfigure.web.client.MockRestServiceServerResetTestExecutionListener@f8908f6, org.springframework.boot.test.autoconfigure.web.servlet.MockMvcPrintOnlyOnFailureTestExecutionListener@3e587920, org.springframework.boot.test.autoconfigure.web.servlet.WebDriverTestExecutionListener@2ef8a8c3, org.springframework.boot.test.autoconfigure.webservices.client.MockWebServiceServerTestExecutionListener@24f43aa3, org.springframework.boot.test.mock.mockito.ResetMocksTestExecutionListener@63fd4873]
10:09:58.596 [Test worker] DEBUG org.springframework.test.context.support.AbstractDirtiesContextTestExecutionListener - Before test class: context [DefaultTestContext@3d4d3fe7 testClass = AssignmentApplicationTests, testInstance = [null], testMethod = [null], testException = [null], mergedContextConfiguration = [WebMergedContextConfiguration@65f87a2c testClass = AssignmentApplicationTests, locations = '{}', classes = '{class com.sparta.assignment.AssignmentApplication}', contextInitializerClasses = '[]', activeProfiles = '{}', propertySourceLocations = '{}', propertySourceProperties = '{org.springframework.boot.test.context.SpringBootTestContextBootstrapper=true}', contextCustomizers = set[org.springframework.boot.test.autoconfigure.actuate.metrics.MetricsExportContextCustomizerFactory$DisableMetricExportContextCustomizer@2f6e28bc, org.springframework.boot.test.autoconfigure.properties.PropertyMappingContextCustomizer@0, org.springframework.boot.test.autoconfigure.web.servlet.WebDriverContextCustomizerFactory$Customizer@2a2c13a8, org.springframework.boot.test.context.filter.ExcludeFilterContextCustomizer@3543df7d, org.springframework.boot.test.json.DuplicateJsonObjectContextCustomizerFactory$DuplicateJsonObjectContextCustomizer@698122b2, org.springframework.boot.test.mock.mockito.MockitoContextCustomizer@0, org.springframework.boot.test.web.client.TestRestTemplateContextCustomizer@45e37a7e, org.springframework.boot.test.context.SpringBootTestArgs@1, org.springframework.boot.test.context.SpringBootTestWebEnvironment@238d68ff], resourceBasePath = 'src/main/webapp', contextLoader = 'org.springframework.boot.test.context.SpringBootContextLoader', parent = [null]], attributes = map['org.springframework.test.context.web.ServletTestExecutionListener.activateListener' -> true]], class annotated with @DirtiesContext [false] with mode [null].
10:09:58.622 [Test worker] DEBUG org.springframework.test.context.support.TestPropertySourceUtils - Adding inlined properties to environment: {spring.jmx.enabled=false, org.springframework.boot.test.context.SpringBootTestContextBootstrapper=true}

  .   ____          _            __ _ _
 /\\ / ___'_ __ _ _(_)_ __  __ _ \ \ \ \
( ( )\___ | '_ | '_| | '_ \/ _` | \ \ \ \
 \\/  ___)| |_)| | | | | || (_| |  ) ) ) )
  '  |____| .__|_| |_|_| |_\__, | / / / /
 =========|_|==============|___/=/_/_/_/
 :: Spring Boot ::                (v2.5.6)

2021-11-17 10:09:58.835  INFO 10628 --- [    Test worker] c.s.a.AssignmentApplicationTests         : Starting AssignmentApplicationTests using Java 11.0.11 on DESKTOP-2SS4HM6 with PID 10628 (started by asdfj in C:\Users\asdfj\Desktop\sparta\spring\assignment)
2021-11-17 10:09:58.837  INFO 10628 --- [    Test worker] c.s.a.AssignmentApplicationTests         : No active profile set, falling back to default profiles: default
2021-11-17 10:09:59.339  INFO 10628 --- [    Test worker] .s.d.r.c.RepositoryConfigurationDelegate : Bootstrapping Spring Data JPA repositories in DEFAULT mode.
2021-11-17 10:09:59.381  INFO 10628 --- [    Test worker] .s.d.r.c.RepositoryConfigurationDelegate : Finished Spring Data repository scanning in 36 ms. Found 1 JPA repository interfaces.
2021-11-17 10:09:59.839  INFO 10628 --- [    Test worker] o.hibernate.jpa.internal.util.LogHelper  : HHH000204: Processing PersistenceUnitInfo [name: default]
2021-11-17 10:09:59.885  INFO 10628 --- [    Test worker] org.hibernate.Version                    : HHH000412: Hibernate ORM core version 5.4.32.Final
2021-11-17 10:09:59.991  INFO 10628 --- [    Test worker] o.hibernate.annotations.common.Version   : HCANN000001: Hibernate Commons Annotations {5.1.2.Final}
2021-11-17 10:10:00.079  INFO 10628 --- [    Test worker] com.zaxxer.hikari.HikariDataSource       : HikariPool-1 - Starting...
2021-11-17 10:10:00.754  INFO 10628 --- [    Test worker] com.zaxxer.hikari.HikariDataSource       : HikariPool-1 - Start completed.
2021-11-17 10:10:00.779  INFO 10628 --- [    Test worker] org.hibernate.dialect.Dialect            : HHH000400: Using dialect: org.hibernate.dialect.MySQL8Dialect
2021-11-17 10:10:01.419  INFO 10628 --- [    Test worker] o.h.e.t.j.p.i.JtaPlatformInitiator       : HHH000490: Using JtaPlatform implementation: [org.hibernate.engine.transaction.jta.platform.internal.NoJtaPlatform]
2021-11-17 10:10:01.428  INFO 10628 --- [    Test worker] j.LocalContainerEntityManagerFactoryBean : Initialized JPA EntityManagerFactory for persistence unit 'default'
2021-11-17 10:10:01.921  WARN 10628 --- [    Test worker] JpaBaseConfiguration$JpaWebConfiguration : spring.jpa.open-in-view is enabled by default. Therefore, database queries may be performed during view rendering. Explicitly configure spring.jpa.open-in-view to disable this warning
2021-11-17 10:10:02.165  INFO 10628 --- [    Test worker] o.s.b.a.w.s.WelcomePageHandlerMapping    : Adding welcome page: class path resource [static/index.html]
2021-11-17 10:10:02.358  INFO 10628 --- [    Test worker] c.s.a.AssignmentApplicationTests         : Started AssignmentApplicationTests in 3.731 seconds (JVM running for 4.709)
]]></system-out>
  <system-err><![CDATA[]]></system-err>
</testsuite>
